<?xml version="1.0" encoding="UTF-8"?>
<testsuite xmlns:xsi="http://www.w3.org/2001/XMLSchema-instance" xsi:noNamespaceSchemaLocation="https://maven.apache.org/surefire/maven-surefire-plugin/xsd/surefire-test-report-3.0.xsd" version="3.0" name="pack.SimpleTests" time="2.092" tests="6" errors="0" skipped="0" failures="0">
  <properties>
    <property name="sun.desktop" value="windows"/>
    <property name="awt.toolkit" value="sun.awt.windows.WToolkit"/>
    <property name="java.specification.version" value="11"/>
    <property name="sun.cpu.isalist" value="amd64"/>
    <property name="sun.jnu.encoding" value="Cp1251"/>
    <property name="java.class.path" value="D:\Institute\6 семестр\Технологии разработки ПО\лаба 5\TRPO_Lab5-master\target\test-classes;D:\Institute\6 семестр\Технологии разработки ПО\лаба 5\TRPO_Lab5-master\target\classes;C:\Users\Artemij\.m2\repository\org\testng\testng\6.8\testng-6.8.jar;C:\Users\Artemij\.m2\repository\junit\junit\4.10\junit-4.10.jar;C:\Users\Artemij\.m2\repository\org\hamcrest\hamcrest-core\1.1\hamcrest-core-1.1.jar;C:\Users\Artemij\.m2\repository\org\beanshell\bsh\2.0b4\bsh-2.0b4.jar;C:\Users\Artemij\.m2\repository\com\beust\jcommander\1.27\jcommander-1.27.jar;C:\Users\Artemij\.m2\repository\org\yaml\snakeyaml\1.6\snakeyaml-1.6.jar;"/>
    <property name="java.vm.vendor" value="JetBrains s.r.o"/>
    <property name="sun.arch.data.model" value="64"/>
    <property name="user.variant" value=""/>
    <property name="java.vendor.url" value="https://www.jetbrains.com/"/>
    <property name="user.timezone" value="Europe/Astrakhan"/>
    <property name="java.vm.specification.version" value="11"/>
    <property name="os.name" value="Windows 10"/>
    <property name="sun.java.launcher" value="SUN_STANDARD"/>
    <property name="user.country" value="RU"/>
    <property name="sun.boot.library.path" value="D:\IntelliJ IDEA\IntelliJ IDEA Community Edition 2019.3.3\jbr\bin"/>
    <property name="sun.java.command" value="C:\Users\Artemij\AppData\Local\Temp\surefire5167601260411795451\surefirebooter1577728439323885406.jar C:\Users\Artemij\AppData\Local\Temp\surefire5167601260411795451 2020-05-19T03-41-00_691-jvmRun1 surefire9066615590484292134tmp surefire_01071095250989507437tmp"/>
    <property name="jdk.debug" value="release"/>
    <property name="surefire.test.class.path" value="D:\Institute\6 семестр\Технологии разработки ПО\лаба 5\TRPO_Lab5-master\target\test-classes;D:\Institute\6 семестр\Технологии разработки ПО\лаба 5\TRPO_Lab5-master\target\classes;C:\Users\Artemij\.m2\repository\org\testng\testng\6.8\testng-6.8.jar;C:\Users\Artemij\.m2\repository\junit\junit\4.10\junit-4.10.jar;C:\Users\Artemij\.m2\repository\org\hamcrest\hamcrest-core\1.1\hamcrest-core-1.1.jar;C:\Users\Artemij\.m2\repository\org\beanshell\bsh\2.0b4\bsh-2.0b4.jar;C:\Users\Artemij\.m2\repository\com\beust\jcommander\1.27\jcommander-1.27.jar;C:\Users\Artemij\.m2\repository\org\yaml\snakeyaml\1.6\snakeyaml-1.6.jar;"/>
    <property name="sun.cpu.endian" value="little"/>
    <property name="user.home" value="C:\Users\Artemij"/>
    <property name="user.language" value="ru"/>
    <property name="java.specification.vendor" value="Oracle Corporation"/>
    <property name="java.version.date" value="2019-10-15"/>
    <property name="java.home" value="D:\IntelliJ IDEA\IntelliJ IDEA Community Edition 2019.3.3\jbr"/>
    <property name="file.separator" value="\"/>
    <property name="basedir" value="D:\Institute\6 семестр\Технологии разработки ПО\лаба 5\TRPO_Lab5-master"/>
    <property name="java.vm.compressedOopsMode" value="32-bit"/>
    <property name="line.separator" value="&#10;"/>
    <property name="java.specification.name" value="Java Platform API Specification"/>
    <property name="java.vm.specification.vendor" value="Oracle Corporation"/>
    <property name="java.awt.graphicsenv" value="sun.awt.Win32GraphicsEnvironment"/>
    <property name="surefire.real.class.path" value="C:\Users\Artemij\AppData\Local\Temp\surefire5167601260411795451\surefirebooter1577728439323885406.jar"/>
    <property name="user.script" value=""/>
    <property name="sun.management.compiler" value="HotSpot 64-Bit Tiered Compilers"/>
    <property name="java.runtime.version" value="11.0.5+10-b520.38"/>
    <property name="user.name" value="Artemij"/>
    <property name="path.separator" value=";"/>
    <property name="os.version" value="10.0"/>
    <property name="java.runtime.name" value="OpenJDK Runtime Environment"/>
    <property name="file.encoding" value="Cp1251"/>
    <property name="java.vm.name" value="OpenJDK 64-Bit Server VM"/>
    <property name="localRepository" value="C:\Users\Artemij\.m2\repository"/>
    <property name="java.vendor.url.bug" value="https://youtrack.jetbrains.com"/>
    <property name="java.io.tmpdir" value="C:\Users\Artemij\AppData\Local\Temp\"/>
    <property name="java.version" value="11.0.5"/>
    <property name="user.dir" value="D:\Institute\6 семестр\Технологии разработки ПО\лаба 5\TRPO_Lab5-master"/>
    <property name="os.arch" value="amd64"/>
    <property name="java.vm.specification.name" value="Java Virtual Machine Specification"/>
    <property name="java.awt.printerjob" value="sun.awt.windows.WPrinterJob"/>
    <property name="sun.os.patch.level" value=""/>
    <property name="idea.version2019.3.3" value="true"/>
    <property name="java.library.path" value="D:\IntelliJ IDEA\IntelliJ IDEA Community Edition 2019.3.3\jbr\bin;C:\WINDOWS\Sun\Java\bin;C:\WINDOWS\system32;C:\WINDOWS;C:\Program Files (x86)\Common Files\Oracle\Java\javapath;C:\Program Files (x86)\Intel\TXE Components\iCLS\;C:\Program Files\Intel\TXE Components\iCLS\;C:\WINDOWS\system32;C:\WINDOWS;C:\WINDOWS\System32\Wbem;C:\WINDOWS\System32\WindowsPowerShell\v1.0\;C:\Users\Administrator\AppData\Local\Microsoft\WindowsApps;C:\Recovery\OEM\Backup\;C:\Program Files\Intel\TXE Components\DAL\;C:\Program Files (x86)\Intel\TXE Components\DAL\;C:\Program Files\Intel\TXE Components\IPT\;C:\Program Files (x86)\Intel\TXE Components\IPT\;C:\Program Files\Intel\WiFi\bin\;C:\Program Files\Common Files\Intel\WirelessCommon\;C:\WINDOWS\system32;C:\WINDOWS;C:\WINDOWS\System32\Wbem;C:\WINDOWS\System32\WindowsPowerShell\v1.0\;D:\MinGW\bin;C:\Program Files (x86)\GtkSharp\2.12\bin;C:\Program Files\Git\cmd;C:\WINDOWS\System32\OpenSSH\;D:\Institute\Rational Rose\Rational\common;D:\Institute\Putty\;D:\download\jdk-13.0.2\bin;;C:\Program Files (x86)\OpenGrADS-2.2\Contents\Cygwin\Versions\2.2.1.oga.1\i686;C:\Program Files\nodejs\;C:\Users\Artemij\AppData\Local\Programs\Python\Python37-32\Scripts\;C:\Users\Artemij\AppData\Local\Programs\Python\Python37-32\;C:\Program Files (x86)\Intel\TXE Components\iCLS\;C:\Program Files\Intel\TXE Components\iCLS\;C:\WINDOWS\system32;C:\WINDOWS;C:\WINDOWS\System32\Wbem;C:\WINDOWS\System32\WindowsPowerShell\v1.0\;C:\Users\Administrator\AppData\Local\Microsoft\WindowsApps;D:\MiKTeX 2.9\miktex\bin\x64\;C:\Users\Artemij\AppData\Local\Microsoft\WindowsApps;C:\Users\Artemij\AppData\Roaming\npm;."/>
    <property name="java.vendor" value="JetBrains s.r.o"/>
    <property name="java.vm.info" value="mixed mode, sharing"/>
    <property name="java.vm.version" value="11.0.5+10-b520.38"/>
    <property name="sun.io.unicode.encoding" value="UnicodeLittle"/>
    <property name="java.class.version" value="55.0"/>
  </properties>
  <testcase name="FirstModule" classname="pack.SimpleTests" time="0.029"/>
  <testcase name="SecondModule1" classname="pack.SimpleTests" time="0.008"/>
  <testcase name="SecondModule2" classname="pack.SimpleTests" time="0.019"/>
  <testcase name="SecondModule3" classname="pack.SimpleTests" time="0.005"/>
  <testcase name="ThirdModule1" classname="pack.SimpleTests" time="0.004"/>
  <testcase name="ThirdModule2" classname="pack.SimpleTests" time="0.01"/>
</testsuite>