<?xml version="1.0" encoding="UTF-8"?>
<!-- Generated by org.testng.reporters.JUnitReportReporter -->
<testsuite hostname="DESKTOP-Artemij" failures="0" tests="3" name="pack.SimpleTests" time="0.046" errors="0" timestamp="18 May 2020 23:25:03 GMT">
  <testcase classname="pack.SimpleTests" name="SecondTest" time="0.004"/>
  <testcase classname="pack.SimpleTests" name="FirstTest" time="0.023"/>
  <testcase classname="pack.SimpleTests" name="ThirdTest" time="0.019"/>
</testsuite> <!-- pack.SimpleTests -->
